<?xml version="1.0" encoding="UTF-8"?>
<!-- Generated by org.testng.reporters.JUnitXMLReporter -->
<testsuite ignored="0" hostname="DESKTOP-9GIQDKD" failures="4" tests="16" name="Test" time="391.357" errors="0" timestamp="2023-04-17T15:00:46 IST">
  <testcase classname="testcases.OnewayTripTest" name="OnewayFamilyFriends" time="40.853">
    <failure type="java.lang.AssertionError" message="expected [valid card] but found [Please enter a valid card]">
      <![CDATA[java.lang.AssertionError: expected [valid card] but found [Please enter a valid card]
at pageObjects.OnewayTripPage.enterpaymentdetail(OnewayTripPage.java:409)
at testcases.OnewayTripTest.OnewayFamilyFriends(OnewayTripTest.java:33)
at java.base/java.util.ArrayList.forEach(ArrayList.java:1511)
... Removed 35 stack frames]]>
    </failure>
  </testcase> <!-- OnewayFamilyFriends -->
  <testcase classname="testcases.OnewayTripTest" name="OnewayStudents" time="8.963"/>
  <testcase classname="testcases.RoundTripTest" name="RoundTripFamilyFriends" time="47.057">
    <failure type="java.lang.AssertionError" message="expected [ valid card] but found [Please enter a valid card]">
      <![CDATA[java.lang.AssertionError: expected [ valid card] but found [Please enter a valid card]
at pageObjects.RoundTripPage.enterpaymentdetail(RoundTripPage.java:444)
at testcases.RoundTripTest.RoundTripFamilyFriends(RoundTripTest.java:30)
at java.base/java.util.ArrayList.forEach(ArrayList.java:1511)
... Removed 35 stack frames]]>
    </failure>
  </testcase> <!-- RoundTripFamilyFriends -->
  <testcase classname="testcases.RoundTripTest" name="RoundTripStudents" time="9.294"/>
  <testcase classname="testcases.SignupTest" name="Signup" time="35.378"/>
  <testcase classname="testcases.LoginTest" name="LoginwithValidCredentials1" time="5.637"/>
  <testcase classname="testcases.LoginTest" name="LoginwithInvalidPassword" time="1.403"/>
  <testcase classname="testcases.LoginTest" name="LoginwithInvalidEmail" time="3.029"/>
  <testcase classname="testcases.LoginTest" name="LoginwithInvalidCredentials1" time="1.529"/>
  <testcase classname="testcases.LoginTest" name="LoginwithValidMobileCredentials1" time="4.445"/>
  <testcase classname="testcases.LoginTest" name="LoginwithMobileInvalidPassword" time="1.17"/>
  <testcase classname="testcases.LoginTest" name="LoginwithInvalidMobilenumber" time="1.215"/>
  <testcase classname="testcases.LoginTest" name="LoginwithInvalidMobileCredentials1" time="1.184"/>
  <testcase classname="testcases.ManageBookingTest" name="ManageBookingOperation" time="2.015">
    <failure type="java.lang.AssertionError" message="expected [Valid PNR or Ticket Number] but found [Invalid PNR or Ticket Number]">
      <![CDATA[java.lang.AssertionError: expected [Valid PNR or Ticket Number] but found [Invalid PNR or Ticket Number]
at pageObjects.ManageBookingPage.SearchBooking(ManageBookingPage.java:36)
at testcases.ManageBookingTest.ManageBookingOperation(ManageBookingTest.java:15)
at java.base/java.util.ArrayList.forEach(ArrayList.java:1511)
... Removed 35 stack frames]]>
    </failure>
  </testcase> <!-- ManageBookingOperation -->
  <testcase classname="testcases.CheckinTest" name="SearchBookingOperation" time="1.7">
    <failure type="java.lang.AssertionError" message="expected [Valid PNR or Ticket Number] but found [Invalid PNR or Ticket Number]">
      <![CDATA[java.lang.AssertionError: expected [Valid PNR or Ticket Number] but found [Invalid PNR or Ticket Number]
at pageObjects.CheckinPage.SearchBooking(CheckinPage.java:36)
at testcases.CheckinTest.SearchBookingOperation(CheckinTest.java:15)
at java.base/java.util.ArrayList.forEach(ArrayList.java:1511)
... Removed 35 stack frames]]>
    </failure>
  </testcase> <!-- SearchBookingOperation -->
  <testcase classname="testcases.FlightStatusTest" name="SearchFlightOperation" time="34.132"/>
</testsuite> <!-- Test -->
