<?xml version="1.0" encoding="UTF-8"?>
<testng-results ignored="0" total="1" passed="1" failed="0" skipped="0">
  <reporter-output>
  </reporter-output>
  <suite started-at="2023-04-17T14:51:50 IST" name="Default suite" finished-at="2023-04-17T14:53:09 IST" duration-ms="79128">
    <groups>
    </groups>
    <test started-at="2023-04-17T14:51:50 IST" name="Default test" finished-at="2023-04-17T14:53:09 IST" duration-ms="79128">
      <class name="testcases.SignupTest">
        <test-method is-config="true" signature="Startup()[pri:0, instance:testcases.SignupTest@4c371370]" started-at="2023-04-17T14:51:50 IST" name="Startup" finished-at="2023-04-17T14:52:28 IST" duration-ms="38383" status="PASS">
          <reporter-output>
          </reporter-output>
        </test-method> <!-- Startup -->
        <test-method signature="Signup()[pri:0, instance:testcases.SignupTest@4c371370]" started-at="2023-04-17T14:52:28 IST" name="Signup" finished-at="2023-04-17T14:53:09 IST" duration-ms="40600" status="PASS">
          <reporter-output>
          </reporter-output>
        </test-method> <!-- Signup -->
        <test-method is-config="true" signature="close()[pri:0, instance:testcases.SignupTest@4c371370]" started-at="2023-04-17T14:53:09 IST" name="close" finished-at="2023-04-17T14:53:09 IST" duration-ms="1" status="PASS">
          <reporter-output>
          </reporter-output>
        </test-method> <!-- close -->
      </class> <!-- testcases.SignupTest -->
    </test> <!-- Default test -->
  </suite> <!-- Default suite -->
</testng-results>
